#-----------------------------------------------------------
# Vivado v2020.2 (64-bit)
# SW Build 3064766 on Wed Nov 18 09:12:45 MST 2020
# IP Build 3064653 on Wed Nov 18 14:17:31 MST 2020
# Start of session at: Wed May 26 18:33:27 2021
# Process ID: 28148
# Current directory: C:/Users/erata/ALUU
# Command line: vivado.exe -gui_launcher_event rodinguilauncherevent27920 C:\Users\erata\ALUU\ALUU.xpr
# Log file: C:/Users/erata/ALUU/vivado.log
# Journal file: C:/Users/erata/ALUU\vivado.jou
#-----------------------------------------------------------sstart_guioopen_project C:/Users/erata/ALUU/ALUU.xprWINFO: [Common 17-41] Interrupt caught. Command should exit soon.
INFO: [Common 17-344] 'open_project' was cancelled
exit
INFO: [Common 17-206] Exiting Vivado at Wed May 26 18:34:38 2021...
Refreshing IP repositories
INFO: [IP_Flow 19-1704] No user IP repositories specified
IINFO: [IP_Flow 19-2313] Loaded Vivado IP repository 'C:/Xilinx/Vivado/2020.2/data/ip'.open_project: Time (s): cpu = 00:00:42 ; elapsed = 00:00:42 . Memory (MB): peak = 1119.941 ; gain = 0.000
update_compile_order -fileset sources_1
launch_simulation
Command: launch_simulation 
boost::filesystem::remove: The process cannot access the file because it is being used by another process: "C:/Users/erata/ALUU/ALUU.sim/sim_1/behav/xsim/simulate.log"
exit
INFO: [Common 17-206] Exiting Vivado at Wed May 26 18:35:13 2021...
